2020-09-02 15:38:51 debug: [FS-LOGGER]
2020-09-02 15:38:52 info: init dc
2020-09-02 15:38:52 info: init router and middleware.
2020-09-02 15:41:46 debug: [FS-LOGGER]
2020-09-02 15:41:46 info: init dc
2020-09-02 15:41:46 info: init router and middleware.
2020-09-02 15:43:30 debug: [FS-LOGGER]
2020-09-02 15:43:30 info: init dc
2020-09-02 15:43:30 info: init router and middleware.
2020-09-02 15:47:29 debug: [FS-LOGGER]
2020-09-02 15:47:29 info: init dc
2020-09-02 15:47:32 info: init router and middleware.
2020-09-02 15:49:52 debug: [FS-LOGGER]
2020-09-02 15:49:52 info: init dc
2020-09-02 15:49:53 info: init router and middleware.
2020-09-02 15:51:32 info: 获取来访信息
2020-09-02 15:51:33 info: 获取成功
2020-09-02 15:51:46 info: 获取部门信息
2020-09-02 15:51:46 info: 获取成功
2020-09-02 15:53:02 info: 获取部门信息
2020-09-02 15:53:02 info: 获取成功
2020-09-02 15:53:57 info: 获取部门信息
2020-09-02 15:53:57 info: 获取成功
2020-09-02 15:54:29 info: 获取部门信息
2020-09-02 15:54:29 info: 获取成功
2020-09-02 15:55:28 info: 获取部门信息
2020-09-02 15:55:28 info: 获取成功
2020-09-02 15:55:46 info: 获取部门信息
2020-09-02 15:55:46 info: 获取成功
2020-09-02 15:56:03 info: 获取部门信息
2020-09-02 15:56:03 info: 获取成功
2020-09-02 15:56:22 info: 获取部门信息
2020-09-02 15:56:22 info: 获取成功
2020-09-02 15:56:43 info: 获取部门信息
2020-09-02 15:56:43 info: 获取成功
2020-09-02 15:57:17 info: 获取部门信息
2020-09-02 15:57:17 info: 获取成功
2020-09-02 15:59:03 info: 获取部门信息
2020-09-02 15:59:03 info: 获取成功
2020-09-02 15:59:45 info: 获取部门信息
2020-09-02 15:59:45 info: 获取成功
2020-09-02 16:00:19 info: 获取部门信息
2020-09-02 16:00:19 info: 获取成功
2020-09-02 16:01:01 info: 获取来访信息
2020-09-02 16:01:01 info: 获取成功
2020-09-02 16:03:53 info: 获取部门信息
2020-09-02 16:03:53 info: 获取成功
2020-09-02 16:05:23 info: 获取部门信息
2020-09-02 16:05:23 info: 获取成功
2020-09-02 16:06:01 info: 获取部门信息
2020-09-02 16:06:01 info: 获取成功
2020-09-02 16:06:30 info: 获取部门信息
2020-09-02 16:06:30 info: 获取成功
2020-09-02 16:07:44 info: 获取部门信息
2020-09-02 16:07:44 info: 获取成功
2020-09-02 16:07:49 info: 获取部门信息
2020-09-02 16:07:49 info: 获取成功
2020-09-02 16:08:08 info: 获取部门信息
2020-09-02 16:08:08 info: 获取成功
2020-09-02 16:08:28 info: 获取来访信息
2020-09-02 16:16:08 info: 获取成功
2020-09-02 16:16:12 debug: [FS-LOGGER]
2020-09-02 16:16:12 info: init dc
2020-09-02 16:16:12 info: init router and middleware.
2020-09-02 16:17:16 info: 获取来访信息
2020-09-02 16:17:16 info: 获取成功
2020-09-02 16:20:03 info: 获取来访信息
2020-09-02 16:20:03 info: 获取成功
2020-09-02 16:20:12 info: 获取来访信息
2020-09-02 16:22:01 debug: [FS-LOGGER]
2020-09-02 16:22:01 info: init dc
2020-09-02 16:22:01 info: init router and middleware.
2020-09-02 16:22:06 info: 获取来访信息
2020-09-02 16:22:15 info: 获取成功
2020-09-02 16:24:59 debug: [FS-LOGGER]
2020-09-02 16:24:59 info: init dc
2020-09-02 16:25:00 info: init router and middleware.
2020-09-02 16:25:02 info: 获取来访信息
2020-09-02 16:25:09 info: 获取成功
2020-09-02 16:30:50 debug: [FS-LOGGER]
2020-09-02 16:30:50 info: init dc
2020-09-02 16:30:50 info: init router and middleware.
2020-09-02 16:30:58 info: 获取来访信息
2020-09-02 16:30:59 info: 获取成功
2020-09-02 16:32:34 info: 获取部门信息
2020-09-02 16:32:34 info: 获取成功
2020-09-02 16:32:39 debug: [FS-LOGGER]
2020-09-02 16:32:40 info: init dc
2020-09-02 16:32:40 info: init router and middleware.
2020-09-02 16:33:04 info: 获取部门信息
2020-09-02 16:33:04 info: 获取成功
2020-09-02 16:35:40 info: 获取用户信息
2020-09-02 16:35:40 info: 获取用户的来访信息
2020-09-02 16:35:40 info: 获取成功
2020-09-02 16:36:15 debug: [FS-LOGGER]
2020-09-02 16:36:15 info: init dc
2020-09-02 16:36:15 info: init router and middleware.
2020-09-02 16:36:31 info: 获取用户信息
2020-09-02 16:36:31 info: 获取用户的来访信息
2020-09-02 16:36:31 info: 获取成功
2020-09-02 16:36:34 info: 获取部门信息
2020-09-02 16:36:34 info: 获取成功
2020-09-02 16:36:58 info: 获取用户信息
2020-09-02 16:36:58 info: 新增来访信息
2020-09-02 16:36:58 info: 生成二维码
2020-09-02 16:36:58 error: path: /visitInfo, error: TypeError: Cannot read property 'getAccessToken' of undefined
2020-09-02 16:37:39 debug: [FS-LOGGER]
2020-09-02 16:37:39 info: init dc
2020-09-02 16:37:39 info: init router and middleware.
2020-09-02 16:37:39 info: init weChat and inject it into app(app.fs.weChat)
2020-09-02 16:38:08 info: 获取用户信息
2020-09-02 16:38:08 info: 新增来访信息
2020-09-02 16:38:08 info: 生成二维码
2020-09-02 16:38:08 info: 更新来访信息，绑定二维码
2020-09-02 16:38:08 info: 新增来访信息成功
2020-09-02 16:38:16 info: 获取用户信息
2020-09-02 16:38:16 info: 获取用户的来访信息
2020-09-02 16:38:16 info: 获取成功
2020-09-02 16:38:20 info: 获取二维码信息
2020-09-02 16:38:20 info: 获取部门信息
2020-09-02 16:38:20 info: 获取成功
2020-09-02 16:38:20 info: 获取成功
2020-09-02 16:38:49 info: 获取用户信息
2020-09-02 16:38:49 info: 获取用户的来访信息
2020-09-02 16:38:49 info: 获取成功
2020-09-02 16:39:14 info: 获取用户信息
2020-09-02 16:39:14 info: 获取用户的来访信息
2020-09-02 16:39:14 info: 获取成功
2020-09-02 16:39:19 info: 获取二维码信息
2020-09-02 16:39:19 info: 获取部门信息
2020-09-02 16:39:19 info: 获取成功
2020-09-02 16:39:19 info: 获取成功
2020-09-02 16:39:48 info: 获取部门信息
2020-09-02 16:39:48 info: 获取成功
2020-09-02 16:40:24 info: 获取用户信息
2020-09-02 16:40:24 info: 获取用户的来访信息
2020-09-02 16:40:24 info: 获取成功
2020-09-02 16:40:25 info: 获取二维码信息
2020-09-02 16:40:25 info: 获取成功
2020-09-02 16:40:25 info: 获取部门信息
2020-09-02 16:40:25 info: 获取成功
2020-09-02 16:40:58 info: 获取部门信息
2020-09-02 16:40:58 info: 获取成功
2020-09-02 16:41:27 info: 获取用户信息
2020-09-02 16:41:27 info: 新增来访信息
2020-09-02 16:41:27 info: 生成二维码
2020-09-02 16:41:27 info: 更新来访信息，绑定二维码
2020-09-02 16:41:27 info: 新增来访信息成功
2020-09-02 16:41:40 info: 获取用户信息
2020-09-02 16:41:40 info: 获取用户的来访信息
2020-09-02 16:41:40 info: 获取成功
2020-09-02 16:41:42 info: 获取二维码信息
2020-09-02 16:41:42 info: 获取成功
2020-09-02 16:41:42 info: 获取部门信息
2020-09-02 16:41:42 info: 获取成功
2020-09-02 16:41:45 info: 获取二维码信息
2020-09-02 16:41:45 info: 获取部门信息
2020-09-02 16:41:45 info: 获取成功
2020-09-02 16:41:45 info: 获取成功
2020-09-02 16:41:59 info: 获取用户信息
2020-09-02 16:41:59 info: 获取用户的来访信息
2020-09-02 16:41:59 info: 获取成功
2020-09-02 16:43:09 info: 获取二维码信息
2020-09-02 16:43:09 info: 获取部门信息
2020-09-02 16:43:09 info: 获取成功
2020-09-02 16:43:09 info: 获取成功
2020-09-02 16:43:13 info: 获取二维码信息
2020-09-02 16:43:13 info: 获取部门信息
2020-09-02 16:43:13 info: 获取成功
2020-09-02 16:43:13 info: 获取成功
2020-09-02 16:46:27 info: 获取用户信息
2020-09-02 16:46:27 info: 获取用户的来访信息
2020-09-02 16:46:27 info: 获取成功
2020-09-02 16:47:42 info: 获取用户信息
2020-09-02 16:47:42 info: 获取用户的来访信息
2020-09-02 16:47:42 info: 获取成功
2020-09-02 16:47:43 info: 获取部门信息
2020-09-02 16:47:43 info: 获取成功
2020-09-02 16:52:19 info: 获取用户信息
2020-09-02 16:52:19 info: 获取用户的来访信息
2020-09-02 16:52:19 info: 获取成功
2020-09-02 16:52:20 info: 获取部门信息
2020-09-02 16:52:20 info: 获取成功
2020-09-02 17:04:41 debug: [FS-LOGGER]
2020-09-02 17:04:41 info: init dc
2020-09-02 17:04:41 info: init router and middleware.
2020-09-02 17:04:41 info: init weChat and inject it into app(app.fs.weChat)
2020-09-02 17:05:05 info: 获取部门id
2020-09-02 17:05:05 info: 根据部门id获取用户
2020-09-02 17:05:05 info: 获取成功
2020-09-02 17:06:10 debug: [FS-LOGGER]
2020-09-02 17:06:10 info: init dc
2020-09-02 17:06:10 info: init router and middleware.
2020-09-02 17:06:10 info: init weChat and inject it into app(app.fs.weChat)
2020-09-02 17:06:38 error: invalid JSON, only supports object and array
2020-09-02 17:07:42 info: 获取该微信用户的手机号
2020-09-02 17:07:42 info: 根据手机号查看是否有这个用户的信息
2020-09-02 17:07:42 error: WHERE parameter "phone" has invalid "undefined" value
2020-09-02 17:08:02 info: 获取该微信用户的手机号
2020-09-02 17:08:02 info: 根据手机号查看是否有这个用户的信息
2020-09-02 17:09:06 info: 获取用户信息
2020-09-02 17:09:06 info: 获取用户的来访信息
2020-09-02 17:09:06 error: path: /visitInfos, error: TypeError: Cannot read property 'id' of undefined
2020-09-02 17:10:59 info: 获取该微信用户的手机号
2020-09-02 17:10:59 info: 根据手机号查看是否有这个用户的信息
2020-09-02 17:11:06 info: 获取用户信息
2020-09-02 17:12:12 info: 获取用户的来访信息
2020-09-02 17:12:12 error: path: /visitInfos, error: TypeError: Cannot read property 'id' of undefined
2020-09-02 17:13:03 debug: [FS-LOGGER]
2020-09-02 17:13:03 info: init dc
2020-09-02 17:13:03 info: init router and middleware.
2020-09-02 17:13:03 info: init weChat and inject it into app(app.fs.weChat)
2020-09-02 17:13:45 info: 获取该微信用户的手机号
2020-09-02 17:13:45 info: 根据手机号查看是否有这个用户的信息
2020-09-02 17:13:45 error: WHERE parameter "phone" has invalid "undefined" value
2020-09-02 17:14:12 info: 获取该微信用户的手机号
2020-09-02 17:14:12 info: 根据手机号查看是否有这个用户的信息
2020-09-02 17:14:44 info: 获取用户信息
2020-09-02 17:14:48 info: 获取用户的来访信息
2020-09-02 17:14:48 error: path: /visitInfos, error: TypeError: Cannot read property 'id' of undefined
2020-09-02 17:14:48 info: 获取部门信息
2020-09-02 17:14:48 info: 获取成功
2020-09-02 17:14:55 info: 获取部门id
2020-09-02 17:14:55 info: 根据部门id获取用户
2020-09-02 17:14:55 error: path: /user/departmentId, error: Error: WHERE parameter "department_id" has invalid "undefined" value
2020-09-02 17:15:05 info: 获取用户信息
2020-09-02 17:15:44 info: 获取用户的来访信息
2020-09-02 17:15:44 error: path: /visitInfos, error: TypeError: Cannot read property 'id' of undefined
2020-09-02 17:15:44 info: 获取用户信息
2020-09-02 17:16:42 debug: [FS-LOGGER]
2020-09-02 17:16:42 info: init dc
2020-09-02 17:16:42 info: init router and middleware.
2020-09-02 17:16:42 info: init weChat and inject it into app(app.fs.weChat)
2020-09-02 17:16:48 info: 获取用户信息
2020-09-02 17:16:48 error: path: /visitInfos, error: Error: 未登录
2020-09-02 17:16:57 info: 获取用户信息
2020-09-02 17:17:00 error: path: /visitInfos, error: Error: 未登录
2020-09-02 17:17:00 info: 获取部门信息
2020-09-02 17:17:01 info: 获取成功
2020-09-02 17:17:08 info: 获取部门id
2020-09-02 17:17:08 info: 根据部门id获取用户
2020-09-02 17:17:08 info: 获取成功
2020-09-02 17:17:15 info: 获取部门id
2020-09-02 17:17:15 info: 根据部门id获取用户
2020-09-02 17:17:15 info: 获取成功
2020-09-02 17:17:23 info: 获取部门id
2020-09-02 17:17:23 info: 根据部门id获取用户
2020-09-02 17:17:23 info: 获取成功
2020-09-02 17:17:24 info: 获取该微信用户的手机号
2020-09-02 17:17:24 info: 根据手机号查看是否有这个用户的信息
2020-09-02 17:17:59 info: 获取用户信息
2020-09-02 17:18:23 error: path: /visitInfos, error: Error: 未登录
2020-09-02 17:18:23 info: 获取部门信息
2020-09-02 17:18:23 info: 获取成功
2020-09-02 17:18:31 info: 获取部门id
2020-09-02 17:18:31 info: 根据部门id获取用户
2020-09-02 17:18:31 info: 获取成功
2020-09-02 17:18:57 info: 获取该微信用户的手机号
2020-09-02 17:18:57 info: 根据手机号查看是否有这个用户的信息
2020-09-02 17:18:59 info: 获取用户信息
2020-09-02 17:18:59 error: path: /visitInfos, error: Error: 未登录
2020-09-02 17:19:03 info: 获取部门信息
2020-09-02 17:19:03 info: 获取成功
2020-09-02 17:19:12 info: 获取部门id
2020-09-02 17:19:12 info: 根据部门id获取用户
2020-09-02 17:19:12 info: 获取成功
2020-09-02 17:19:31 info: 获取用户信息
2020-09-02 17:19:31 error: path: /visitInfos, error: Error: 未登录
2020-09-02 17:19:34 info: 获取部门信息
2020-09-02 17:19:34 info: 获取成功
2020-09-02 17:19:39 info: 获取部门id
2020-09-02 17:19:39 info: 根据部门id获取用户
2020-09-02 17:19:39 info: 获取成功
2020-09-02 17:19:55 info: 获取部门信息
2020-09-02 17:19:55 info: 获取成功
2020-09-02 17:20:08 info: 获取部门id
2020-09-02 17:20:08 info: 根据部门id获取用户
2020-09-02 17:20:08 info: 获取成功
2020-09-02 17:20:36 info: 获取用户信息
2020-09-02 17:20:36 error: path: /visitInfos, error: Error: 未登录
2020-09-02 17:20:40 info: 获取用户信息
2020-09-02 17:20:40 error: path: /visitInfos, error: Error: 未登录
2020-09-02 17:20:41 info: 获取部门信息
2020-09-02 17:20:41 info: 获取成功
2020-09-02 17:20:47 info: 获取部门id
2020-09-02 17:20:47 info: 根据部门id获取用户
2020-09-02 17:20:47 info: 获取成功
2020-09-02 17:21:15 info: 获取用户信息
2020-09-02 17:21:15 error: path: /visitInfos, error: Error: 未登录
2020-09-02 17:21:16 info: 获取部门信息
2020-09-02 17:21:16 info: 获取成功
2020-09-02 17:21:24 info: 获取部门id
2020-09-02 17:21:24 info: 根据部门id获取用户
2020-09-02 17:21:24 info: 获取成功
2020-09-02 17:21:46 info: 获取用户信息
2020-09-02 17:21:46 info: 新增来访信息
2020-09-02 17:21:46 info: 生成二维码
2020-09-02 17:21:46 info: 更新来访信息，绑定二维码
2020-09-02 17:21:46 info: 新增来访信息成功
2020-09-02 17:21:53 info: 获取用户信息
2020-09-02 17:21:53 error: path: /visitInfos, error: Error: 未登录
2020-09-02 17:23:36 info: 获取用户信息
2020-09-02 17:23:36 error: path: /visitInfos, error: Error: 未登录
2020-09-02 17:24:05 info: 获取用户信息
2020-09-02 17:24:05 error: path: /visitInfos, error: Error: 未登录
2020-09-02 17:24:07 info: 获取部门信息
2020-09-02 17:24:07 info: 获取成功
2020-09-02 17:24:13 info: 获取部门id
2020-09-02 17:24:13 info: 根据部门id获取用户
2020-09-02 17:24:13 info: 获取成功
2020-09-02 17:25:49 info: 获取该微信用户的手机号
2020-09-02 17:25:49 info: 根据手机号查看是否有这个用户的信息
2020-09-02 17:25:49 error: WHERE parameter "phone" has invalid "undefined" value
2020-09-02 17:25:59 info: 获取用户信息
2020-09-02 17:25:59 error: path: /visitInfos, error: Error: 未登录
2020-09-02 17:26:01 info: 获取部门信息
2020-09-02 17:26:01 info: 获取成功
2020-09-02 17:26:16 info: 获取该微信用户的手机号
2020-09-02 17:26:16 info: 根据手机号查看是否有这个用户的信息
2020-09-02 17:26:20 info: 获取用户信息
2020-09-02 17:26:20 error: path: /visitInfos, error: Error: 未登录
2020-09-02 17:26:38 info: 获取该微信用户的手机号
2020-09-02 17:26:38 info: 根据手机号查看是否有这个用户的信息
2020-09-02 17:26:40 info: 获取用户信息
2020-09-02 17:26:40 info: 获取用户的来访信息
2020-09-02 17:26:40 info: 获取成功
2020-09-02 17:27:23 info: 获取用户信息
2020-09-02 17:27:23 error: path: /visitInfos, error: Error: 未登录
2020-09-02 17:27:47 info: 获取该微信用户的手机号
2020-09-02 17:27:47 info: 根据手机号查看是否有这个用户的信息
2020-09-02 17:27:48 info: 获取用户信息
2020-09-02 17:27:48 error: path: /visitInfos, error: Error: 未登录
2020-09-02 17:28:10 info: 获取用户信息
2020-09-02 17:28:10 error: path: /visitInfos, error: Error: 未登录
2020-09-02 17:28:27 info: 获取用户信息
2020-09-02 17:28:27 error: path: /visitInfos, error: Error: 未登录
2020-09-02 17:29:01 info: 获取该微信用户的手机号
2020-09-02 17:29:01 info: 根据手机号查看是否有这个用户的信息
2020-09-02 17:29:05 info: 获取用户信息
2020-09-02 17:29:05 error: path: /visitInfos, error: Error: 未登录
2020-09-02 17:30:25 info: 获取该微信用户的手机号
2020-09-02 17:30:25 info: 根据手机号查看是否有这个用户的信息
2020-09-02 17:30:29 info: 获取该微信用户的手机号
2020-09-02 17:30:29 info: 根据手机号查看是否有这个用户的信息
2020-09-02 17:30:35 info: 获取用户信息
2020-09-02 17:30:35 info: 获取用户的来访信息
2020-09-02 17:30:35 info: 获取成功
2020-09-02 17:30:51 info: 获取该微信用户的手机号
2020-09-02 17:30:51 info: 根据手机号查看是否有这个用户的信息
2020-09-02 17:30:53 info: 获取用户信息
2020-09-02 17:30:53 info: 获取用户的来访信息
2020-09-02 17:30:53 info: 获取成功
2020-09-02 17:31:17 info: 获取该微信用户的手机号
2020-09-02 17:31:17 info: 根据手机号查看是否有这个用户的信息
2020-09-02 17:31:18 info: 获取用户信息
2020-09-02 17:31:18 error: path: /visitInfos, error: Error: 未登录
2020-09-02 17:34:54 info: 获取该微信用户的手机号
2020-09-02 17:34:54 info: 根据手机号查看是否有这个用户的信息
2020-09-02 17:34:55 info: 获取用户信息
2020-09-02 17:34:55 error: path: /visitInfos, error: Error: 未登录
2020-09-02 17:39:15 info: 获取该微信用户的手机号
2020-09-02 17:39:15 info: 根据手机号查看是否有这个用户的信息
2020-09-02 17:41:55 info: 获取该微信用户的手机号
2020-09-02 17:41:55 info: 根据手机号查看是否有这个用户的信息
2020-09-02 17:41:56 info: 获取用户信息
2020-09-02 17:41:56 error: path: /visitInfos, error: Error: 未登录
2020-09-02 19:14:34 info: 获取用户信息
2020-09-02 19:14:34 info: 获取用户的来访信息
2020-09-02 19:14:34 info: 获取成功
2020-09-02 19:15:04 info: 获取用户信息
2020-09-02 19:15:04 info: 获取用户的来访信息
2020-09-02 19:15:04 info: 获取成功
2020-09-02 19:15:17 info: 获取用户信息
2020-09-02 19:15:17 info: 获取用户的来访信息
2020-09-02 19:15:17 info: 获取成功
2020-09-02 19:15:31 info: 获取用户信息
2020-09-02 19:16:32 info: 获取用户的来访信息
2020-09-02 19:16:32 info: 获取成功
2020-09-02 19:16:39 debug: [FS-LOGGER]
2020-09-02 19:16:39 info: init dc
2020-09-02 19:16:39 info: init router and middleware.
2020-09-02 19:16:39 info: init weChat and inject it into app(app.fs.weChat)
2020-09-02 19:16:42 info: 获取用户信息
2020-09-02 19:16:51 info: 获取用户的来访信息
2020-09-02 19:16:52 info: 获取成功
2020-09-02 20:01:46 debug: [FS-LOGGER]
2020-09-02 20:01:46 info: init dc
2020-09-02 20:01:46 info: init router and middleware.
2020-09-02 20:01:46 info: init weChat and inject it into app(app.fs.weChat)
2020-09-02 20:01:50 info: 获取用户信息
2020-09-02 20:01:50 info: 获取用户的来访信息
2020-09-02 20:01:50 info: 获取成功
2020-09-02 20:10:40 info: 获取来访信息
2020-09-02 20:14:12 debug: [FS-LOGGER]
2020-09-02 20:14:12 info: init dc
2020-09-02 20:14:12 info: init router and middleware.
2020-09-02 20:14:12 info: init weChat and inject it into app(app.fs.weChat)
2020-09-02 20:14:18 info: 获取来访信息
2020-09-02 20:14:20 info: 获取成功
2020-09-02 20:15:08 info: 获取来访信息
2020-09-02 20:15:11 info: 获取成功
2020-09-02 20:57:43 debug: [FS-LOGGER]
2020-09-02 20:57:44 info: init dc
2020-09-02 20:57:44 info: init router and middleware.
2020-09-02 20:57:44 info: init weChat and inject it into app(app.fs.weChat)
2020-09-02 21:00:35 debug: [FS-LOGGER]
2020-09-02 21:00:35 info: init dc
2020-09-02 21:00:35 info: init router and middleware.
2020-09-02 21:00:35 info: init weChat and inject it into app(app.fs.weChat)
2020-09-02 21:00:50 debug: [FS-LOGGER]
2020-09-02 21:00:50 info: init dc
2020-09-02 21:00:50 info: init router and middleware.
2020-09-02 21:00:50 info: init weChat and inject it into app(app.fs.weChat)
2020-09-02 21:31:30 debug: [FS-LOGGER]
2020-09-02 21:31:31 info: init dc
2020-09-02 21:31:31 info: init router and middleware.
2020-09-02 21:31:31 info: init weChat and inject it into app(app.fs.weChat)
2020-09-03 08:45:15 debug: [FS-LOGGER]
2020-09-03 08:45:16 info: init dc
2020-09-03 08:45:16 info: init router and middleware.
2020-09-03 08:45:16 info: init weChat and inject it into app(app.fs.weChat)
2020-09-03 09:18:04 info: init fs-logger
2020-09-03 09:18:04 info: 加载log完成
2020-09-03 09:18:04 info: init fs.dc and inject it into app(app.fs.dc) and runtime ctx(app.fs.dc)
2020-09-03 09:18:04 info: start init dc
2020-09-03 09:18:04 info: start init dc 1
2020-09-03 09:18:26 info: function (dc) { // dc = { orm: Sequelize对象, ORM: Sequelize, models: {} }
    // require('./models/test')(dc);
    //存放模型的目录
    const directory = `${process.cwd()}\\app\\lib\\models`;
    requireDirectory(module, directory, {
        visit: whenLoadModule
    })

    function whenLoadModule(obj) {
        obj(dc)
    }
}
2020-09-03 09:18:26 info: init dc
2020-09-03 09:18:26 info: 加载dc完成
2020-09-03 09:18:26 info: init mws
2020-09-03 09:18:26 info: start init router and middleware.
2020-09-03 09:18:26 info: init router and middleware.
2020-09-03 09:18:26 info: init weChat and inject it into app(app.fs.weChat)
2020-09-03 09:19:28 info: init fs-logger
2020-09-03 09:19:28 info: 加载log完成
2020-09-03 09:19:28 info: init fs.dc and inject it into app(app.fs.dc) and runtime ctx(app.fs.dc)
2020-09-03 09:19:28 info: start init dc
2020-09-03 09:19:29 info: start init dc 1
2020-09-03 09:19:58 info: init fs-logger
2020-09-03 09:19:58 info: 加载log完成
2020-09-03 09:19:58 info: init fs.dc and inject it into app(app.fs.dc) and runtime ctx(app.fs.dc)
2020-09-03 09:19:58 info: start init dc
2020-09-03 09:19:59 info: start init dc 1
2020-09-03 09:22:27 info: init fs-logger
2020-09-03 09:22:27 info: 加载log完成
2020-09-03 09:22:27 info: init fs.dc and inject it into app(app.fs.dc) and runtime ctx(app.fs.dc)
2020-09-03 09:22:27 info: start init dc
2020-09-03 09:22:27 info: start init dc 1
2020-09-03 09:22:46 info: init fs-logger
2020-09-03 09:22:46 info: 加载log完成
2020-09-03 09:22:46 info: init fs.dc and inject it into app(app.fs.dc) and runtime ctx(app.fs.dc)
2020-09-03 09:22:46 info: start init dc
2020-09-03 09:22:46 info: start init dc 1
2020-09-03 09:23:29 info: init fs-logger
2020-09-03 09:23:29 info: 加载log完成
2020-09-03 09:23:29 info: init fs.dc and inject it into app(app.fs.dc) and runtime ctx(app.fs.dc)
2020-09-03 09:23:29 info: start init dc
2020-09-03 09:23:29 info: start init dc 1
2020-09-03 09:23:34 info: init dc
2020-09-03 09:23:34 info: 加载dc完成
2020-09-03 09:23:34 info: init mws
2020-09-03 09:23:34 info: start init router and middleware.
2020-09-03 09:23:34 info: init router and middleware.
2020-09-03 09:23:34 info: init weChat and inject it into app(app.fs.weChat)
2020-09-03 09:26:29 info: init fs-logger
2020-09-03 09:26:29 info: 加载log完成
2020-09-03 09:26:29 info: init fs.dc and inject it into app(app.fs.dc) and runtime ctx(app.fs.dc)
2020-09-03 09:26:29 info: start init dc
2020-09-03 09:26:29 info: start init dc 1
2020-09-03 09:26:32 info: init dc
2020-09-03 09:26:32 info: 加载dc完成
2020-09-03 09:26:33 info: init mws
2020-09-03 09:26:33 info: start init router and middleware.
2020-09-03 09:26:33 info: init router and middleware.
2020-09-03 09:26:33 info: init weChat and inject it into app(app.fs.weChat)
2020-09-03 09:31:04 info: init fs-logger
2020-09-03 09:31:04 info: 加载log完成
2020-09-03 09:31:04 info: init fs.dc and inject it into app(app.fs.dc) and runtime ctx(app.fs.dc)
2020-09-03 09:31:04 info: start init dc
2020-09-03 09:31:04 info: start init dc 1
2020-09-03 09:31:08 info: init dc
2020-09-03 09:31:08 info: 加载dc完成
2020-09-03 09:31:08 info: init mws
2020-09-03 09:31:08 info: start init router and middleware.
2020-09-03 09:31:08 info: init router and middleware.
2020-09-03 09:31:08 info: init weChat and inject it into app(app.fs.weChat)
2020-09-03 09:39:37 info: init fs-logger
2020-09-03 09:39:37 info: init dc
2020-09-03 09:39:37 info: start init router and middleware.
2020-09-03 09:39:37 info: init router and middleware.
2020-09-03 09:39:37 info: init weChat and inject it into app(app.fs.weChat)
2020-09-03 09:41:47 info: init fs-logger
2020-09-03 09:41:47 info: init dc
2020-09-03 09:41:47 info: init router and middleware.
2020-09-03 09:41:47 info: init weChat and inject it into app(app.fs.weChat)
2020-09-03 10:33:40 info: 获取该微信用户的手机号
2020-09-03 10:33:40 info: 根据手机号查看是否有这个用户的信息
2020-09-03 10:33:56 error: 未登录
2020-09-03 10:35:52 error: 未登录
2020-09-03 10:48:43 info: 获取该微信用户的手机号
2020-09-03 10:48:43 info: 根据手机号查看是否有这个用户的信息
2020-09-03 10:49:06 info: 获取该微信用户的手机号
2020-09-03 10:49:06 info: 根据手机号查看是否有这个用户的信息
2020-09-03 10:49:11 error: 未登录
2020-09-03 10:49:46 info: 获取该微信用户的手机号
2020-09-03 10:49:46 info: 根据手机号查看是否有这个用户的信息
2020-09-03 10:49:57 error: 未登录
2020-09-03 10:51:50 info: 获取该微信用户的手机号
2020-09-03 10:51:50 info: 根据手机号查看是否有这个用户的信息
2020-09-03 10:52:48 info: 获取用户信息
2020-09-03 10:52:48 info: 获取用户的来访信息
2020-09-03 10:52:48 info: 获取成功
2020-09-03 10:52:53 info: 获取用户信息
2020-09-03 10:52:53 info: 获取用户的来访信息
2020-09-03 10:52:53 info: 获取成功
2020-09-03 11:13:50 info: 获取用户信息
2020-09-03 11:13:50 info: 获取用户的来访信息
2020-09-03 11:13:50 info: 获取成功
2020-09-03 11:13:53 error: 未登录
2020-09-03 11:14:21 info: 获取该微信用户的手机号
2020-09-03 11:14:21 info: 根据手机号查看是否有这个用户的信息
2020-09-03 11:14:21 error: WHERE parameter "phone" has invalid "undefined" value
2020-09-03 11:14:51 info: 获取该微信用户的手机号
2020-09-03 11:14:51 info: 根据手机号查看是否有这个用户的信息
2020-09-03 11:14:51 error: WHERE parameter "phone" has invalid "undefined" value
2020-09-03 11:15:35 info: 获取该微信用户的手机号
2020-09-03 11:15:35 info: 根据手机号查看是否有这个用户的信息
2020-09-03 11:17:50 info: 获取该微信用户的手机号
2020-09-03 11:17:50 info: 根据手机号查看是否有这个用户的信息
2020-09-03 13:38:48 info: init fs-logger
2020-09-03 13:38:49 info: init dc
2020-09-03 13:38:49 error: [app] Cannot read property 'dc' of undefined
2020-09-03 13:38:49 info: init weChat and inject it into app(app.fs.weChat)
2020-09-03 13:38:54 error: safeRouters is not defined
2020-09-03 13:39:15 info: init fs-logger
2020-09-03 13:39:15 info: init dc
2020-09-03 13:39:15 error: [app] Cannot read property 'dc' of undefined
2020-09-03 13:39:15 info: init weChat and inject it into app(app.fs.weChat)
2020-09-03 13:39:22 info: 获取该微信用户的手机号
2020-09-03 13:39:22 info: 根据手机号查看是否有这个用户的信息
2020-09-03 13:39:57 info: 获取该微信用户的手机号
2020-09-03 13:39:57 info: 根据手机号查看是否有这个用户的信息
2020-09-03 13:40:33 info: 获取该微信用户的手机号
2020-09-03 13:40:33 info: 根据手机号查看是否有这个用户的信息
2020-09-03 13:41:42 info: 获取该微信用户的手机号
2020-09-03 13:41:42 info: 根据手机号查看是否有这个用户的信息
2020-09-03 13:42:12 info: 获取该微信用户的手机号
2020-09-03 13:42:12 info: 根据手机号查看是否有这个用户的信息
2020-09-03 13:42:36 info: 获取该微信用户的手机号
2020-09-03 13:42:36 info: 根据手机号查看是否有这个用户的信息
2020-09-03 13:43:21 info: 获取该微信用户的手机号
2020-09-03 13:43:21 info: 根据手机号查看是否有这个用户的信息
2020-09-03 13:44:45 info: init fs-logger
2020-09-03 13:44:45 info: init dc
2020-09-03 13:44:45 error: [app] Cannot read property 'dc' of undefined
2020-09-03 13:44:45 info: init weChat and inject it into app(app.fs.weChat)
2020-09-03 13:45:41 info: 获取该微信用户的手机号
2020-09-03 13:45:41 info: 根据手机号查看是否有这个用户的信息
2020-09-03 13:45:57 info: 获取该微信用户的手机号
2020-09-03 13:45:57 info: 根据手机号查看是否有这个用户的信息
2020-09-03 13:46:28 info: init fs-logger
2020-09-03 13:46:28 info: init dc
2020-09-03 13:46:28 info: init router and middleware.
2020-09-03 13:46:28 info: init weChat and inject it into app(app.fs.weChat)
2020-09-03 13:46:30 info: 获取该微信用户的手机号
2020-09-03 13:46:30 info: 根据手机号查看是否有这个用户的信息
2020-09-03 13:46:36 info: 获取用户信息
2020-09-03 13:46:36 info: 获取用户的来访信息
2020-09-03 13:46:36 info: 获取成功
2020-09-03 13:47:18 info: 获取该微信用户的手机号
2020-09-03 13:47:18 info: 根据手机号查看是否有这个用户的信息
2020-09-03 13:54:47 info: 获取该微信用户的手机号
2020-09-03 13:54:47 info: 根据手机号查看是否有这个用户的信息
2020-09-03 13:56:51 info: 获取该微信用户的手机号
2020-09-03 13:56:51 info: 根据手机号查看是否有这个用户的信息
2020-09-03 14:00:33 info: 获取该微信用户的手机号
2020-09-03 14:00:33 info: 根据手机号查看是否有这个用户的信息
2020-09-03 14:01:25 info: 获取该微信用户的手机号
2020-09-03 14:01:25 info: 根据手机号查看是否有这个用户的信息
2020-09-03 14:32:09 error: 未登录
2020-09-03 14:33:57 info: 获取部门信息
2020-09-03 14:33:57 info: 获取成功
2020-09-03 14:34:03 error: 未登录
2020-09-03 14:37:24 info: 获取该微信用户的手机号
2020-09-03 14:37:24 info: 根据手机号查看是否有这个用户的信息
2020-09-03 14:37:29 info: 获取用户信息
2020-09-03 14:37:29 info: 获取用户的来访信息
2020-09-03 14:37:29 info: 获取成功
2020-09-03 14:39:38 info: 获取用户信息
2020-09-03 14:39:38 info: 获取用户的来访信息
2020-09-03 14:39:38 info: 获取成功
2020-09-03 14:39:40 info: 获取部门信息
2020-09-03 14:39:40 info: 获取成功
2020-09-03 14:39:59 info: 获取部门id
2020-09-03 14:39:59 info: 根据部门id获取用户
2020-09-03 14:39:59 info: 获取成功
2020-09-03 14:40:03 info: 获取用户信息
2020-09-03 14:40:03 info: 新增来访信息
2020-09-03 14:40:03 info: 生成二维码
2020-09-03 14:40:03 info: 更新来访信息，绑定二维码
2020-09-03 14:40:03 info: 新增来访信息成功
2020-09-03 14:40:11 info: 获取用户信息
2020-09-03 14:40:11 info: 获取用户的来访信息
2020-09-03 14:40:11 info: 获取成功
2020-09-03 14:40:26 info: 获取用户信息
2020-09-03 14:40:26 info: 获取用户的来访信息
2020-09-03 14:40:26 info: 获取成功
2020-09-03 14:40:28 info: 获取部门信息
2020-09-03 14:40:28 info: 获取成功
2020-09-03 14:40:43 info: 获取部门id
2020-09-03 14:40:43 info: 根据部门id获取用户
2020-09-03 14:40:43 info: 获取成功
2020-09-03 14:40:46 info: 获取用户信息
2020-09-03 14:40:46 info: 新增来访信息
2020-09-03 14:40:46 info: 生成二维码
2020-09-03 14:40:47 info: 更新来访信息，绑定二维码
2020-09-03 14:40:47 info: 新增来访信息成功
2020-09-03 14:40:49 info: 获取该微信用户的手机号
2020-09-03 14:40:49 info: 根据手机号查看是否有这个用户的信息
2020-09-03 14:40:53 info: 获取用户信息
2020-09-03 14:40:53 info: 获取用户的来访信息
2020-09-03 14:40:53 info: 获取成功
2020-09-03 14:41:02 info: 获取该微信用户的手机号
2020-09-03 14:41:02 info: 根据手机号查看是否有这个用户的信息
2020-09-03 14:41:03 info: 获取用户信息
2020-09-03 14:41:04 info: 获取用户的来访信息
2020-09-03 14:41:04 info: 获取成功
2020-09-03 14:41:47 info: init fs-logger
2020-09-03 14:41:47 info: init dc
2020-09-03 14:41:47 info: init router and middleware.
2020-09-03 14:41:47 info: init weChat and inject it into app(app.fs.weChat)
2020-09-03 14:41:55 info: 获取用户信息
2020-09-03 14:41:55 info: 获取用户的来访信息
2020-09-03 14:41:55 info: 获取成功
2020-09-03 14:42:03 info: 获取二维码信息
2020-09-03 14:42:03 info: 获取成功
2020-09-03 14:42:03 info: 获取部门信息
2020-09-03 14:42:03 info: 获取成功
2020-09-03 14:44:46 info: 获取来访信息
2020-09-03 14:44:46 info: 获取部门信息
2020-09-03 14:44:46 info: 获取成功
2020-09-03 14:44:46 info: 判断是否过期
2020-09-03 14:44:46 info: 获取成功
2020-09-03 14:45:38 info: 获取来访信息
2020-09-03 14:45:38 info: 获取部门信息
2020-09-03 14:45:38 info: 获取成功
2020-09-03 14:45:38 info: 判断是否过期
2020-09-03 14:45:38 info: 获取成功
2020-09-03 14:45:46 info: 获取部门信息
2020-09-03 14:45:46 info: 获取成功
2020-09-03 14:46:16 info: 获取部门信息
2020-09-03 14:46:16 info: 获取成功
2020-09-03 14:46:22 info: 获取部门信息
2020-09-03 14:46:22 info: 获取成功
2020-09-03 14:46:27 info: 获取部门信息
2020-09-03 14:46:27 info: 获取成功
2020-09-03 15:22:07 error: 未登录
2020-09-03 15:22:30 error: 未登录
2020-09-03 15:22:51 info: 获取该微信用户的手机号
2020-09-03 15:22:51 info: 根据手机号查看是否有这个用户的信息
2020-09-03 15:23:36 info: 获取该微信用户的手机号
2020-09-03 15:23:36 info: 根据手机号查看是否有这个用户的信息
2020-09-03 15:29:05 error: 未登录
2020-09-03 15:30:14 error: 未登录
2020-09-03 15:32:04 info: 获取用户信息
2020-09-03 15:32:04 info: 获取用户的来访信息
2020-09-03 15:32:04 info: 获取成功
2020-09-03 15:34:23 info: 获取该微信用户的手机号
2020-09-03 15:34:23 info: 根据手机号查看是否有这个用户的信息
2020-09-03 15:34:28 info: 获取用户信息
2020-09-03 15:34:28 info: 获取用户的来访信息
2020-09-03 15:34:28 info: 获取成功
2020-09-03 15:34:54 info: 获取用户信息
2020-09-03 15:34:54 info: 获取用户的来访信息
2020-09-03 15:34:54 info: 获取成功
2020-09-03 15:35:17 info: 获取用户信息
2020-09-03 15:35:17 info: 获取用户的来访信息
2020-09-03 15:35:17 info: 获取成功
2020-09-03 15:38:45 info: 获取用户信息
2020-09-03 15:38:45 info: 获取用户的来访信息
2020-09-03 15:38:45 info: 获取成功
2020-09-03 15:39:34 info: 获取用户信息
2020-09-03 15:39:34 info: 获取用户的来访信息
2020-09-03 15:39:34 info: 获取成功
2020-09-03 15:40:57 info: 获取用户信息
2020-09-03 15:40:57 info: 获取用户的来访信息
2020-09-03 15:40:57 info: 获取成功
2020-09-03 15:40:59 info: 获取部门信息
2020-09-03 15:40:59 info: 获取成功
2020-09-03 15:44:05 info: 获取用户信息
2020-09-03 15:44:05 info: 获取用户的来访信息
2020-09-03 15:44:05 info: 获取成功
2020-09-03 15:44:08 info: 获取部门信息
2020-09-03 15:44:08 info: 获取成功
2020-09-03 15:44:08 error: 未登录
2020-09-03 15:44:23 info: 获取用户信息
2020-09-03 15:44:23 info: 获取用户的来访信息
2020-09-03 15:44:23 info: 获取成功
2020-09-03 15:44:30 error: 未登录
2020-09-03 15:44:30 info: 获取部门信息
2020-09-03 15:44:30 info: 获取成功
2020-09-03 15:44:57 info: 获取用户信息
2020-09-03 15:44:57 info: 获取用户的来访信息
2020-09-03 15:44:57 info: 获取成功
2020-09-03 15:45:04 info: 获取部门信息
2020-09-03 15:45:04 info: 获取成功
2020-09-03 15:45:04 info: 获取二维码信息
2020-09-03 15:45:04 info: 获取成功
2020-09-03 15:45:39 info: 获取用户信息
2020-09-03 15:45:39 info: 获取用户的来访信息
2020-09-03 15:45:39 info: 获取成功
2020-09-03 15:45:41 info: 获取部门信息
2020-09-03 15:45:41 info: 获取成功
2020-09-03 15:45:41 info: 获取二维码信息
2020-09-03 15:45:41 info: 获取成功
2020-09-03 15:47:52 info: 获取用户信息
2020-09-03 15:47:52 info: 获取用户的来访信息
2020-09-03 15:47:52 info: 获取成功
2020-09-03 15:47:54 info: 获取部门信息
2020-09-03 15:47:54 info: 获取成功
2020-09-03 15:48:27 info: 获取用户信息
2020-09-03 15:48:27 info: 获取用户的来访信息
2020-09-03 15:48:27 info: 获取成功
2020-09-03 15:48:30 info: 获取部门信息
2020-09-03 15:48:30 info: 获取成功
2020-09-03 15:48:30 info: 获取二维码信息
2020-09-03 15:48:30 info: 获取成功
2020-09-03 15:48:54 info: 获取用户信息
2020-09-03 15:48:54 info: 获取用户的来访信息
2020-09-03 15:48:54 info: 获取成功
2020-09-03 15:48:56 info: 获取部门信息
2020-09-03 15:48:56 info: 获取成功
2020-09-03 15:48:56 info: 获取二维码信息
2020-09-03 15:48:56 info: 获取成功
2020-09-03 15:52:09 info: 获取用户信息
2020-09-03 15:52:09 info: 获取用户的来访信息
2020-09-03 15:52:09 info: 获取成功
2020-09-03 15:52:37 info: 获取部门信息
2020-09-03 15:52:37 info: 获取成功
2020-09-03 15:52:37 info: 获取二维码信息
2020-09-03 15:52:37 info: 获取成功
2020-09-03 15:53:24 info: 获取部门信息
2020-09-03 15:53:24 info: 获取二维码信息
2020-09-03 15:53:24 info: 获取成功
2020-09-03 15:53:24 info: 获取成功
2020-09-03 15:53:36 info: 获取部门信息
2020-09-03 15:53:36 info: 获取二维码信息
2020-09-03 15:53:36 info: 获取成功
2020-09-03 15:53:36 info: 获取成功
2020-09-03 15:53:50 info: 获取部门信息
2020-09-03 15:53:50 info: 获取二维码信息
2020-09-03 15:53:50 info: 获取成功
2020-09-03 15:53:50 info: 获取成功
2020-09-03 15:53:58 info: 获取部门信息
2020-09-03 15:53:58 info: 获取成功
2020-09-03 15:53:58 info: 获取二维码信息
2020-09-03 15:53:58 info: 获取成功
2020-09-03 15:55:28 info: 获取部门信息
2020-09-03 15:55:28 info: 获取成功
2020-09-03 15:55:42 info: 获取部门信息
2020-09-03 15:55:42 info: 获取来访信息
2020-09-03 15:55:42 info: 获取成功
2020-09-03 15:55:42 info: 判断是否过期
2020-09-03 15:55:42 info: 获取成功
2020-09-03 15:56:09 info: 获取用户信息
2020-09-03 15:56:09 info: 获取用户的来访信息
2020-09-03 15:56:09 info: 获取成功
2020-09-03 15:56:11 info: 获取部门信息
2020-09-03 15:56:11 info: 获取成功
2020-09-03 15:56:11 info: 获取二维码信息
2020-09-03 15:56:11 info: 获取成功
2020-09-03 16:00:51 info: 获取用户信息
2020-09-03 16:00:51 info: 获取用户的来访信息
2020-09-03 16:00:51 info: 获取成功
2020-09-03 16:00:52 info: 获取部门信息
2020-09-03 16:00:52 info: 获取成功
2020-09-03 16:02:50 info: 获取用户信息
2020-09-03 16:02:50 info: 获取用户的来访信息
2020-09-03 16:02:50 info: 获取成功
2020-09-03 16:02:53 info: 获取部门信息
2020-09-03 16:02:53 info: 获取成功
2020-09-03 16:03:51 info: 获取用户信息
2020-09-03 16:03:51 info: 获取用户的来访信息
2020-09-03 16:03:51 info: 获取成功
2020-09-03 16:03:53 info: 获取部门信息
2020-09-03 16:03:53 info: 获取成功
2020-09-03 16:04:12 info: 获取用户信息
2020-09-03 16:04:12 info: 新增来访信息
2020-09-03 16:04:12 info: 生成二维码
2020-09-03 16:04:13 info: 更新来访信息，绑定二维码
2020-09-03 16:04:13 info: 新增来访信息成功
2020-09-03 16:04:31 info: 获取用户信息
2020-09-03 16:04:31 info: 获取用户的来访信息
2020-09-03 16:04:31 info: 获取成功
2020-09-03 16:04:39 info: 获取该微信用户的手机号
2020-09-03 16:04:39 info: 根据手机号查看是否有这个用户的信息
2020-09-03 16:04:40 info: 获取用户信息
2020-09-03 16:04:40 info: 获取用户的来访信息
2020-09-03 16:04:40 info: 获取成功
2020-09-03 16:04:53 info: 获取部门信息
2020-09-03 16:04:53 info: 获取成功
2020-09-03 16:05:28 info: 获取部门信息
2020-09-03 16:05:28 info: 获取二维码信息
2020-09-03 16:05:28 info: 获取成功
2020-09-03 16:05:28 info: 获取成功
2020-09-03 16:05:35 info: 获取部门信息
2020-09-03 16:05:35 info: 获取成功
2020-09-03 16:05:57 info: 获取用户信息
2020-09-03 16:05:57 info: 新增来访信息
2020-09-03 16:05:57 info: 生成二维码
2020-09-03 16:05:58 info: 更新来访信息，绑定二维码
2020-09-03 16:05:58 info: 新增来访信息成功
2020-09-03 16:06:05 info: 获取用户信息
2020-09-03 16:06:05 info: 获取用户的来访信息
2020-09-03 16:06:05 info: 获取成功
2020-09-03 16:06:10 info: 获取用户信息
2020-09-03 16:06:10 info: 获取用户的来访信息
2020-09-03 16:06:10 info: 获取成功
2020-09-03 16:09:48 info: 获取用户信息
2020-09-03 16:09:48 info: 获取用户的来访信息
2020-09-03 16:09:48 info: 获取成功
2020-09-03 16:12:00 info: 获取用户信息
2020-09-03 16:12:00 info: 获取用户的来访信息
2020-09-03 16:12:00 info: 获取成功
2020-09-03 16:12:41 info: 获取用户信息
2020-09-03 16:12:41 info: 获取用户的来访信息
2020-09-03 16:13:57 info: 获取成功
2020-09-03 16:13:57 info: 获取部门信息
2020-09-03 16:13:57 info: 获取成功
2020-09-03 16:14:07 error: invalid JSON, only supports object and array
2020-09-03 16:14:18 error: invalid JSON, only supports object and array
2020-09-03 16:14:35 info: 获取用户信息
2020-09-03 16:14:35 info: 获取用户的来访信息
2020-09-03 16:14:35 info: 获取成功
2020-09-03 16:14:36 info: 获取部门信息
2020-09-03 16:14:36 info: 获取成功
2020-09-03 16:14:41 error: invalid JSON, only supports object and array
2020-09-03 16:17:37 info: 获取部门id
2020-09-03 16:18:07 info: 根据部门id获取用户
2020-09-03 16:18:07 info: 获取成功
2020-09-03 16:18:26 error: invalid JSON, only supports object and array
2020-09-03 16:18:52 info: 获取用户信息
2020-09-03 16:18:52 info: 获取用户的来访信息
2020-09-03 16:19:09 info: 获取成功
2020-09-03 16:19:13 info: 获取该微信用户的手机号
2020-09-03 16:19:13 info: 根据手机号查看是否有这个用户的信息
2020-09-03 16:19:15 info: 获取用户信息
2020-09-03 16:19:15 info: 获取用户的来访信息
2020-09-03 16:19:15 info: 获取成功
2020-09-03 16:19:17 info: 获取部门信息
2020-09-03 16:19:17 info: 获取成功
2020-09-03 16:19:21 info: 获取部门信息
2020-09-03 16:19:21 info: 获取成功
2020-09-03 16:19:21 info: 获取二维码信息
2020-09-03 16:19:21 info: 获取成功
2020-09-03 16:19:25 info: 获取部门信息
2020-09-03 16:19:25 info: 获取成功
2020-09-03 16:19:46 error: 未登录
2020-09-03 16:21:29 info: 获取用户信息
2020-09-03 16:21:29 info: 获取用户的来访信息
2020-09-03 16:21:29 info: 获取成功
2020-09-03 16:21:31 info: 获取部门信息
2020-09-03 16:21:31 info: 获取成功
2020-09-03 16:21:47 info: 获取部门id
2020-09-03 16:21:47 info: 根据部门id获取用户
2020-09-03 16:21:47 info: 获取成功
2020-09-03 16:21:55 info: 获取用户信息
2020-09-03 16:21:55 info: 新增来访信息
2020-09-03 16:21:55 info: 生成二维码
2020-09-03 16:21:55 info: 更新来访信息，绑定二维码
2020-09-03 16:21:55 info: 新增来访信息成功
2020-09-03 16:22:16 info: 获取用户信息
2020-09-03 16:22:16 info: 获取用户的来访信息
2020-09-03 16:22:16 info: 获取成功
2020-09-03 16:22:27 info: 获取部门信息
2020-09-03 16:22:27 info: 获取成功
2020-09-03 16:22:27 info: 获取二维码信息
2020-09-03 16:22:27 info: 获取成功
2020-09-03 16:22:30 info: 获取部门信息
2020-09-03 16:22:30 info: 获取二维码信息
2020-09-03 16:22:30 info: 获取成功
2020-09-03 16:22:30 info: 获取成功
2020-09-03 16:26:31 info: 获取用户信息
2020-09-03 16:26:31 info: 获取用户的来访信息
2020-09-03 16:26:31 error: path: /visitInfos, error: TypeError: Cannot read property 'name' of null
2020-09-03 16:26:41 info: 获取该微信用户的手机号
2020-09-03 16:26:41 info: 根据手机号查看是否有这个用户的信息
2020-09-03 16:26:42 info: 获取用户信息
2020-09-03 16:26:42 info: 获取用户的来访信息
2020-09-03 16:26:42 info: 获取成功
2020-09-03 16:26:46 info: 获取部门信息
2020-09-03 16:26:46 info: 获取成功
2020-09-03 16:30:43 info: 获取用户信息
2020-09-03 16:30:43 info: 获取用户的来访信息
2020-09-03 16:30:43 info: 获取成功
2020-09-03 16:30:44 info: 获取部门信息
2020-09-03 16:30:44 info: 获取成功
2020-09-03 16:31:30 info: 获取用户信息
2020-09-03 16:31:30 info: 获取用户的来访信息
2020-09-03 16:31:30 info: 获取成功
2020-09-03 16:31:31 info: 获取部门信息
2020-09-03 16:31:31 info: 获取成功
2020-09-03 16:32:25 info: 获取用户信息
2020-09-03 16:32:25 info: 获取用户的来访信息
2020-09-03 16:32:25 info: 获取成功
2020-09-03 16:32:27 info: 获取部门信息
2020-09-03 16:32:27 info: 获取成功
2020-09-03 16:35:14 info: 获取用户信息
2020-09-03 16:35:14 info: 获取用户的来访信息
2020-09-03 16:35:14 info: 获取成功
2020-09-03 16:35:16 info: 获取部门信息
2020-09-03 16:35:16 info: 获取成功
2020-09-03 16:36:29 info: 获取用户信息
2020-09-03 16:36:29 info: 获取用户的来访信息
2020-09-03 16:36:29 info: 获取成功
2020-09-03 16:36:30 info: 获取部门信息
2020-09-03 16:36:30 info: 获取成功
2020-09-03 16:36:52 info: 获取用户信息
2020-09-03 16:36:53 info: 获取用户的来访信息
2020-09-03 16:36:53 info: 获取成功
2020-09-03 16:36:54 info: 获取部门信息
2020-09-03 16:36:54 info: 获取成功
2020-09-07 08:44:29 info: init fs-logger
2020-09-07 08:44:30 info: init dc
2020-09-07 08:44:30 info: init router and middleware.
2020-09-07 08:44:30 info: init weChat and inject it into app(app.fs.weChat)
2020-09-07 08:44:31 error: 未登录
2020-09-07 08:44:48 info: init fs-logger
2020-09-07 08:44:49 info: init dc
2020-09-07 08:44:49 info: init router and middleware.
2020-09-07 08:44:49 info: init weChat and inject it into app(app.fs.weChat)
2020-09-07 08:46:11 error: 未登录
2020-09-07 08:46:35 error: 未登录
2020-09-07 08:48:13 error: 未登录
2020-09-07 08:48:28 info: init fs-logger
2020-09-07 08:48:28 info: init dc
2020-09-07 08:48:28 info: init router and middleware.
2020-09-07 08:48:28 info: init weChat and inject it into app(app.fs.weChat)
2020-09-07 08:48:37 info: init fs-logger
2020-09-07 08:48:37 info: init dc
2020-09-07 08:48:37 info: init router and middleware.
2020-09-07 08:48:37 info: init weChat and inject it into app(app.fs.weChat)
2020-09-07 08:48:50 info: 获取来访信息
2020-09-07 08:48:51 error: path: /visitInfo/, error: TypeError: Cannot read property 'userId' of null
2020-09-07 08:49:10 info: 获取该微信用户的手机号
2020-09-07 08:49:10 info: 根据手机号查看是否有这个用户的信息
2020-09-07 08:49:11 info: 获取用户信息
2020-09-07 08:49:11 info: 获取用户的来访信息
2020-09-07 08:49:24 info: 获取成功
2020-09-07 08:49:36 info: 获取来访信息
2020-09-07 08:49:36 info: 判断是否过期
2020-09-07 08:49:36 info: 获取成功
2020-09-07 08:49:41 info: 获取来访信息
2020-09-07 08:49:41 info: 判断是否过期
2020-09-07 08:49:41 info: 获取成功
2020-09-07 08:49:52 info: 获取来访信息
2020-09-07 08:49:52 info: 判断是否过期
2020-09-07 08:49:52 info: 获取成功
2020-09-07 08:49:59 info: 获取该微信用户的手机号
2020-09-07 08:49:59 info: 根据手机号查看是否有这个用户的信息
2020-09-07 08:50:00 info: 获取用户信息
2020-09-07 08:50:00 info: 获取用户的来访信息
2020-09-07 08:50:00 info: 获取成功
2020-09-07 08:50:00 info: 获取部门信息
2020-09-07 08:50:00 info: 获取成功
2020-09-07 08:50:00 info: 获取二维码信息
2020-09-07 08:50:00 info: 获取成功
2020-09-07 08:50:02 info: 获取部门信息
2020-09-07 08:50:02 info: 获取成功
2020-09-07 08:50:21 info: 获取部门id
2020-09-07 08:50:21 info: 根据部门id获取用户
2020-09-07 08:50:21 info: 获取成功
2020-09-07 08:50:25 info: 获取用户信息
2020-09-07 08:50:25 info: 新增来访信息
2020-09-07 08:50:25 info: 生成二维码
2020-09-07 08:50:26 info: 更新来访信息，绑定二维码
2020-09-07 08:50:26 info: 新增来访信息成功
2020-09-07 08:50:34 info: 获取该微信用户的手机号
2020-09-07 08:50:34 info: 根据手机号查看是否有这个用户的信息
2020-09-07 08:50:35 info: 获取用户信息
2020-09-07 08:50:35 info: 获取用户的来访信息
2020-09-07 08:50:35 info: 获取成功
2020-09-07 08:50:36 info: 获取部门信息
2020-09-07 08:50:36 info: 获取成功
2020-09-07 08:50:36 info: 获取二维码信息
2020-09-07 08:50:36 info: 获取成功
2020-09-07 08:50:46 info: 获取来访信息
2020-09-07 08:50:46 info: 判断是否过期
2020-09-07 08:50:46 info: 获取成功
2020-09-07 08:53:08 info: 获取该微信用户的手机号
2020-09-07 08:53:08 info: 根据手机号查看是否有这个用户的信息
2020-09-07 08:53:09 info: 获取用户信息
2020-09-07 08:53:09 info: 获取用户的来访信息
2020-09-07 08:53:09 info: 获取成功
2020-09-07 08:53:11 info: 获取部门信息
2020-09-07 08:53:11 info: 获取成功
2020-09-07 08:53:11 info: 获取二维码信息
2020-09-07 08:53:11 info: 获取成功
